<?xml version="1.0" encoding="UTF-8"?>
<!-- Generated by org.testng.reporters.JUnitReportReporter -->
<testsuite skipped="0" hostname="DESKTOP-QAS6HTV" name="com.skyroic.qa.testscripts.ProductsListPageTest" tests="1" failures="0" timestamp="15 Feb 2020 14:15:59 GMT" time="20.501" errors="0">
  <testcase name="inStockDetailsTest" time="20.501" classname="com.skyroic.qa.testscripts.ProductsListPageTest"/>
</testsuite> <!-- com.skyroic.qa.testscripts.ProductsListPageTest -->
